#     NORMAL     HIGHLIGHT    HELPTEXT       HEADING in pairs consisting of foreground/background
color black/cyan blue/cyan red/light-blue red/cyan
gfxmenu /boot/menu/BLACK.GFX

write (md)0x220+1 !BAT\necho -n -P:0000 $[0133]                    --- Windows install ---                                    \0
initscript (md)0x220+1

title Windows 7 SP1 - 32 bit
configfile /boot/menu/win7_32.lst

title Windows 7 SP1 - 64 bit
configfile /boot/menu/win7_64.lst

title Windows 8.1 - 32 bit
configfile /boot/menu/win81_32.lst

title Windows 8.1 - 64 bit
configfile /boot/menu/win81_64.lst

title Windows 8 SP1 (recovery)
configfile /boot/menu/win8rescue.lst

title Boot from 1st Hard Disk \nBoot from MBR of first hard disk and remove the USB drive
map (hd0) (hd1)
map (hd1) (hd0)
map --hook
chainloader (hd0)+1
rootnoverify (hd0)

title Commandline
commandline
